<?xml version="1.0" encoding="UTF-8"?>
<testsuite name="com.gl.registrationService.RegistrationServiceApplicationTests" tests="1" skipped="0" failures="0" errors="0" timestamp="2020-02-25T21:32:43" hostname="DESKTOP-NNVG4RK" time="0.72">
  <properties/>
  <testcase name="contextLoads" classname="com.gl.registrationService.RegistrationServiceApplicationTests" time="0.72"/>
  <system-out><![CDATA[16:32:38.603 [Test worker] DEBUG org.springframework.test.context.junit4.SpringJUnit4ClassRunner - SpringJUnit4ClassRunner constructor called with [class com.gl.registrationService.RegistrationServiceApplicationTests]
16:32:38.612 [Test worker] DEBUG org.springframework.test.context.BootstrapUtils - Instantiating CacheAwareContextLoaderDelegate from class [org.springframework.test.context.cache.DefaultCacheAwareContextLoaderDelegate]
16:32:38.622 [Test worker] DEBUG org.springframework.test.context.BootstrapUtils - Instantiating BootstrapContext using constructor [public org.springframework.test.context.support.DefaultBootstrapContext(java.lang.Class,org.springframework.test.context.CacheAwareContextLoaderDelegate)]
16:32:38.638 [Test worker] DEBUG org.springframework.test.context.BootstrapUtils - Instantiating TestContextBootstrapper for test class [com.gl.registrationService.RegistrationServiceApplicationTests] from class [org.springframework.boot.test.context.SpringBootTestContextBootstrapper]
16:32:38.652 [Test worker] INFO org.springframework.boot.test.context.SpringBootTestContextBootstrapper - Neither @ContextConfiguration nor @ContextHierarchy found for test class [com.gl.registrationService.RegistrationServiceApplicationTests], using SpringBootContextLoader
16:32:38.655 [Test worker] DEBUG org.springframework.test.context.support.AbstractContextLoader - Did not detect default resource location for test class [com.gl.registrationService.RegistrationServiceApplicationTests]: class path resource [com/gl/registrationService/RegistrationServiceApplicationTests-context.xml] does not exist
16:32:38.655 [Test worker] DEBUG org.springframework.test.context.support.AbstractContextLoader - Did not detect default resource location for test class [com.gl.registrationService.RegistrationServiceApplicationTests]: class path resource [com/gl/registrationService/RegistrationServiceApplicationTestsContext.groovy] does not exist
16:32:38.656 [Test worker] INFO org.springframework.test.context.support.AbstractContextLoader - Could not detect default resource locations for test class [com.gl.registrationService.RegistrationServiceApplicationTests]: no resource found for suffixes {-context.xml, Context.groovy}.
16:32:38.656 [Test worker] INFO org.springframework.test.context.support.AnnotationConfigContextLoaderUtils - Could not detect default configuration classes for test class [com.gl.registrationService.RegistrationServiceApplicationTests]: RegistrationServiceApplicationTests does not declare any static, non-private, non-final, nested classes annotated with @Configuration.
16:32:38.710 [Test worker] DEBUG org.springframework.test.context.support.ActiveProfilesUtils - Could not find an 'annotation declaring class' for annotation type [org.springframework.test.context.ActiveProfiles] and class [com.gl.registrationService.RegistrationServiceApplicationTests]
16:32:38.777 [Test worker] DEBUG org.springframework.context.annotation.ClassPathScanningCandidateComponentProvider - Identified candidate component class: file [D:\Code\resilience4j\registrationService\build\classes\java\main\com\gl\registrationService\RegistrationServiceApplication.class]
16:32:38.779 [Test worker] INFO org.springframework.boot.test.context.SpringBootTestContextBootstrapper - Found @SpringBootConfiguration com.gl.registrationService.RegistrationServiceApplication for test class com.gl.registrationService.RegistrationServiceApplicationTests
16:32:38.885 [Test worker] DEBUG org.springframework.boot.test.context.SpringBootTestContextBootstrapper - @TestExecutionListeners is not present for class [com.gl.registrationService.RegistrationServiceApplicationTests]: using defaults.
16:32:38.886 [Test worker] INFO org.springframework.boot.test.context.SpringBootTestContextBootstrapper - Loaded default TestExecutionListener class names from location [META-INF/spring.factories]: [org.springframework.boot.test.autoconfigure.restdocs.RestDocsTestExecutionListener, org.springframework.boot.test.autoconfigure.web.client.MockRestServiceServerResetTestExecutionListener, org.springframework.boot.test.autoconfigure.web.servlet.MockMvcPrintOnlyOnFailureTestExecutionListener, org.springframework.boot.test.autoconfigure.web.servlet.WebDriverTestExecutionListener, org.springframework.boot.test.mock.mockito.MockitoTestExecutionListener, org.springframework.boot.test.mock.mockito.ResetMocksTestExecutionListener, org.springframework.test.context.web.ServletTestExecutionListener, org.springframework.test.context.support.DirtiesContextBeforeModesTestExecutionListener, org.springframework.test.context.support.DependencyInjectionTestExecutionListener, org.springframework.test.context.support.DirtiesContextTestExecutionListener, org.springframework.test.context.transaction.TransactionalTestExecutionListener, org.springframework.test.context.jdbc.SqlScriptsTestExecutionListener]
16:32:38.897 [Test worker] DEBUG org.springframework.boot.test.context.SpringBootTestContextBootstrapper - Skipping candidate TestExecutionListener [org.springframework.test.context.transaction.TransactionalTestExecutionListener] due to a missing dependency. Specify custom listener classes or make the default listener classes and their required dependencies available. Offending class: [org/springframework/transaction/interceptor/TransactionAttributeSource]
16:32:38.898 [Test worker] DEBUG org.springframework.boot.test.context.SpringBootTestContextBootstrapper - Skipping candidate TestExecutionListener [org.springframework.test.context.jdbc.SqlScriptsTestExecutionListener] due to a missing dependency. Specify custom listener classes or make the default listener classes and their required dependencies available. Offending class: [org/springframework/transaction/interceptor/TransactionAttribute]
16:32:38.898 [Test worker] INFO org.springframework.boot.test.context.SpringBootTestContextBootstrapper - Using TestExecutionListeners: [org.springframework.test.context.web.ServletTestExecutionListener@55124892, org.springframework.test.context.support.DirtiesContextBeforeModesTestExecutionListener@2929cbc, org.springframework.boot.test.mock.mockito.MockitoTestExecutionListener@4afe27b7, org.springframework.boot.test.autoconfigure.SpringBootDependencyInjectionTestExecutionListener@3fbd918b, org.springframework.test.context.support.DirtiesContextTestExecutionListener@78ac0836, org.springframework.boot.test.autoconfigure.restdocs.RestDocsTestExecutionListener@6ecd1ce3, org.springframework.boot.test.autoconfigure.web.client.MockRestServiceServerResetTestExecutionListener@55355d12, org.springframework.boot.test.autoconfigure.web.servlet.MockMvcPrintOnlyOnFailureTestExecutionListener@657bff6, org.springframework.boot.test.autoconfigure.web.servlet.WebDriverTestExecutionListener@1e22fab2, org.springframework.boot.test.mock.mockito.ResetMocksTestExecutionListener@188ed791]
16:32:38.901 [Test worker] DEBUG org.springframework.test.annotation.ProfileValueUtils - Retrieved @ProfileValueSourceConfiguration [null] for test class [com.gl.registrationService.RegistrationServiceApplicationTests]
16:32:38.902 [Test worker] DEBUG org.springframework.test.annotation.ProfileValueUtils - Retrieved ProfileValueSource type [class org.springframework.test.annotation.SystemProfileValueSource] for class [com.gl.registrationService.RegistrationServiceApplicationTests]
16:32:38.903 [Test worker] DEBUG org.springframework.test.annotation.ProfileValueUtils - Retrieved @ProfileValueSourceConfiguration [null] for test class [com.gl.registrationService.RegistrationServiceApplicationTests]
16:32:38.903 [Test worker] DEBUG org.springframework.test.annotation.ProfileValueUtils - Retrieved ProfileValueSource type [class org.springframework.test.annotation.SystemProfileValueSource] for class [com.gl.registrationService.RegistrationServiceApplicationTests]
16:32:38.907 [Test worker] DEBUG org.springframework.test.context.support.AbstractDirtiesContextTestExecutionListener - Before test class: context [DefaultTestContext@6d4ea7be testClass = RegistrationServiceApplicationTests, testInstance = [null], testMethod = [null], testException = [null], mergedContextConfiguration = [WebMergedContextConfiguration@1265f2ba testClass = RegistrationServiceApplicationTests, locations = '{}', classes = '{class com.gl.registrationService.RegistrationServiceApplication}', contextInitializerClasses = '[]', activeProfiles = '{}', propertySourceLocations = '{}', propertySourceProperties = '{org.springframework.boot.test.context.SpringBootTestContextBootstrapper=true}', contextCustomizers = set[org.springframework.boot.test.autoconfigure.properties.PropertyMappingContextCustomizer@0, org.springframework.boot.test.autoconfigure.web.servlet.WebDriverContextCustomizerFactory$Customizer@545cbdb, org.springframework.boot.test.context.filter.ExcludeFilterContextCustomizer@48e4016a, org.springframework.boot.test.json.DuplicateJsonObjectContextCustomizerFactory$DuplicateJsonObjectContextCustomizer@1785539f, org.springframework.boot.test.mock.mockito.MockitoContextCustomizer@0, org.springframework.boot.test.web.client.TestRestTemplateContextCustomizer@1493da8], resourceBasePath = 'src/main/webapp', contextLoader = 'org.springframework.boot.test.context.SpringBootContextLoader', parent = [null]], attributes = map['org.springframework.test.context.web.ServletTestExecutionListener.activateListener' -> true]], class annotated with @DirtiesContext [false] with mode [null].
16:32:38.908 [Test worker] DEBUG org.springframework.test.annotation.ProfileValueUtils - Retrieved @ProfileValueSourceConfiguration [null] for test class [com.gl.registrationService.RegistrationServiceApplicationTests]
16:32:38.908 [Test worker] DEBUG org.springframework.test.annotation.ProfileValueUtils - Retrieved ProfileValueSource type [class org.springframework.test.annotation.SystemProfileValueSource] for class [com.gl.registrationService.RegistrationServiceApplicationTests]
16:32:38.927 [Test worker] DEBUG org.springframework.test.context.support.TestPropertySourceUtils - Adding inlined properties to environment: {spring.jmx.enabled=false, org.springframework.boot.test.context.SpringBootTestContextBootstrapper=true, server.port=-1}

  .   ____          _            __ _ _
 /\\ / ___'_ __ _ _(_)_ __  __ _ \ \ \ \
( ( )\___ | '_ | '_| | '_ \/ _` | \ \ \ \
 \\/  ___)| |_)| | | | | || (_| |  ) ) ) )
  '  |____| .__|_| |_|_| |_\__, | / / / /
 =========|_|==============|___/=/_/_/_/
 :: Spring Boot ::        (v2.1.7.RELEASE)

2020-02-25 16:32:39.236  INFO 2188 --- [    Test worker] .g.r.RegistrationServiceApplicationTests : Starting RegistrationServiceApplicationTests on DESKTOP-NNVG4RK with PID 2188 (started by Masih in D:\Code\resilience4j\registrationService)
2020-02-25 16:32:39.237  INFO 2188 --- [    Test worker] .g.r.RegistrationServiceApplicationTests : No active profile set, falling back to default profiles: default
2020-02-25 16:32:41.528  INFO 2188 --- [    Test worker] pertySourcedRequestMappingHandlerMapping : Mapped URL path [/v2/api-docs] onto method [public org.springframework.http.ResponseEntity<springfox.documentation.spring.web.json.Json> springfox.documentation.swagger2.web.Swagger2Controller.getDocumentation(java.lang.String,javax.servlet.http.HttpServletRequest)]
2020-02-25 16:32:42.188  INFO 2188 --- [    Test worker] o.s.s.concurrent.ThreadPoolTaskExecutor  : Initializing ExecutorService 'applicationTaskExecutor'
2020-02-25 16:32:42.575  INFO 2188 --- [    Test worker] d.s.w.p.DocumentationPluginsBootstrapper : Context refreshed
2020-02-25 16:32:42.694  INFO 2188 --- [    Test worker] d.s.w.p.DocumentationPluginsBootstrapper : Found 1 custom documentation plugin(s)
2020-02-25 16:32:42.816  INFO 2188 --- [    Test worker] s.d.s.w.s.ApiListingReferenceScanner     : Scanning for api listing references
2020-02-25 16:32:43.091  INFO 2188 --- [    Test worker] .g.r.RegistrationServiceApplicationTests : Started RegistrationServiceApplicationTests in 4.155 seconds (JVM running for 5.269)
]]></system-out>
  <system-err><![CDATA[]]></system-err>
</testsuite>
