<?xml version="1.0" encoding="UTF-8"?>
<testsuite name="com.gl.orderManagementApp.OrderManagementAppApplicationTests" tests="1" skipped="0" failures="0" errors="0" timestamp="2020-02-25T21:01:16" hostname="DESKTOP-NNVG4RK" time="0.195">
  <properties/>
  <testcase name="contextLoads" classname="com.gl.orderManagementApp.OrderManagementAppApplicationTests" time="0.195"/>
  <system-out><![CDATA[16:01:11.485 [Test worker] DEBUG org.springframework.test.context.junit4.SpringJUnit4ClassRunner - SpringJUnit4ClassRunner constructor called with [class com.gl.orderManagementApp.OrderManagementAppApplicationTests]
16:01:11.492 [Test worker] DEBUG org.springframework.test.context.BootstrapUtils - Instantiating CacheAwareContextLoaderDelegate from class [org.springframework.test.context.cache.DefaultCacheAwareContextLoaderDelegate]
16:01:11.500 [Test worker] DEBUG org.springframework.test.context.BootstrapUtils - Instantiating BootstrapContext using constructor [public org.springframework.test.context.support.DefaultBootstrapContext(java.lang.Class,org.springframework.test.context.CacheAwareContextLoaderDelegate)]
16:01:11.521 [Test worker] DEBUG org.springframework.test.context.BootstrapUtils - Instantiating TestContextBootstrapper for test class [com.gl.orderManagementApp.OrderManagementAppApplicationTests] from class [org.springframework.boot.test.context.SpringBootTestContextBootstrapper]
16:01:11.533 [Test worker] INFO org.springframework.boot.test.context.SpringBootTestContextBootstrapper - Neither @ContextConfiguration nor @ContextHierarchy found for test class [com.gl.orderManagementApp.OrderManagementAppApplicationTests], using SpringBootContextLoader
16:01:11.536 [Test worker] DEBUG org.springframework.test.context.support.AbstractContextLoader - Did not detect default resource location for test class [com.gl.orderManagementApp.OrderManagementAppApplicationTests]: class path resource [com/gl/orderManagementApp/OrderManagementAppApplicationTests-context.xml] does not exist
16:01:11.537 [Test worker] DEBUG org.springframework.test.context.support.AbstractContextLoader - Did not detect default resource location for test class [com.gl.orderManagementApp.OrderManagementAppApplicationTests]: class path resource [com/gl/orderManagementApp/OrderManagementAppApplicationTestsContext.groovy] does not exist
16:01:11.537 [Test worker] INFO org.springframework.test.context.support.AbstractContextLoader - Could not detect default resource locations for test class [com.gl.orderManagementApp.OrderManagementAppApplicationTests]: no resource found for suffixes {-context.xml, Context.groovy}.
16:01:11.537 [Test worker] INFO org.springframework.test.context.support.AnnotationConfigContextLoaderUtils - Could not detect default configuration classes for test class [com.gl.orderManagementApp.OrderManagementAppApplicationTests]: OrderManagementAppApplicationTests does not declare any static, non-private, non-final, nested classes annotated with @Configuration.
16:01:11.573 [Test worker] DEBUG org.springframework.test.context.support.ActiveProfilesUtils - Could not find an 'annotation declaring class' for annotation type [org.springframework.test.context.ActiveProfiles] and class [com.gl.orderManagementApp.OrderManagementAppApplicationTests]
16:01:11.629 [Test worker] DEBUG org.springframework.context.annotation.ClassPathScanningCandidateComponentProvider - Identified candidate component class: file [D:\Code\resilience4j\orderManagementApp\build\classes\java\main\com\gl\orderManagementApp\OrderManagementAppApplication.class]
16:01:11.631 [Test worker] INFO org.springframework.boot.test.context.SpringBootTestContextBootstrapper - Found @SpringBootConfiguration com.gl.orderManagementApp.OrderManagementAppApplication for test class com.gl.orderManagementApp.OrderManagementAppApplicationTests
16:01:11.714 [Test worker] DEBUG org.springframework.boot.test.context.SpringBootTestContextBootstrapper - @TestExecutionListeners is not present for class [com.gl.orderManagementApp.OrderManagementAppApplicationTests]: using defaults.
16:01:11.714 [Test worker] INFO org.springframework.boot.test.context.SpringBootTestContextBootstrapper - Loaded default TestExecutionListener class names from location [META-INF/spring.factories]: [org.springframework.boot.test.autoconfigure.restdocs.RestDocsTestExecutionListener, org.springframework.boot.test.autoconfigure.web.client.MockRestServiceServerResetTestExecutionListener, org.springframework.boot.test.autoconfigure.web.servlet.MockMvcPrintOnlyOnFailureTestExecutionListener, org.springframework.boot.test.autoconfigure.web.servlet.WebDriverTestExecutionListener, org.springframework.boot.test.mock.mockito.MockitoTestExecutionListener, org.springframework.boot.test.mock.mockito.ResetMocksTestExecutionListener, org.springframework.test.context.web.ServletTestExecutionListener, org.springframework.test.context.support.DirtiesContextBeforeModesTestExecutionListener, org.springframework.test.context.support.DependencyInjectionTestExecutionListener, org.springframework.test.context.support.DirtiesContextTestExecutionListener, org.springframework.test.context.transaction.TransactionalTestExecutionListener, org.springframework.test.context.jdbc.SqlScriptsTestExecutionListener]
16:01:11.725 [Test worker] DEBUG org.springframework.boot.test.context.SpringBootTestContextBootstrapper - Skipping candidate TestExecutionListener [org.springframework.test.context.transaction.TransactionalTestExecutionListener] due to a missing dependency. Specify custom listener classes or make the default listener classes and their required dependencies available. Offending class: [org/springframework/transaction/interceptor/TransactionAttributeSource]
16:01:11.725 [Test worker] DEBUG org.springframework.boot.test.context.SpringBootTestContextBootstrapper - Skipping candidate TestExecutionListener [org.springframework.test.context.jdbc.SqlScriptsTestExecutionListener] due to a missing dependency. Specify custom listener classes or make the default listener classes and their required dependencies available. Offending class: [org/springframework/transaction/interceptor/TransactionAttribute]
16:01:11.726 [Test worker] INFO org.springframework.boot.test.context.SpringBootTestContextBootstrapper - Using TestExecutionListeners: [org.springframework.test.context.web.ServletTestExecutionListener@35c13ba2, org.springframework.test.context.support.DirtiesContextBeforeModesTestExecutionListener@27ecf4cf, org.springframework.boot.test.mock.mockito.MockitoTestExecutionListener@76bc8873, org.springframework.boot.test.autoconfigure.SpringBootDependencyInjectionTestExecutionListener@149e618e, org.springframework.test.context.support.DirtiesContextTestExecutionListener@283e5494, org.springframework.boot.test.autoconfigure.restdocs.RestDocsTestExecutionListener@68b487d0, org.springframework.boot.test.autoconfigure.web.client.MockRestServiceServerResetTestExecutionListener@7a5965a5, org.springframework.boot.test.autoconfigure.web.servlet.MockMvcPrintOnlyOnFailureTestExecutionListener@1d2ce971, org.springframework.boot.test.autoconfigure.web.servlet.WebDriverTestExecutionListener@47ec94b4, org.springframework.boot.test.mock.mockito.ResetMocksTestExecutionListener@baa019e]
16:01:11.728 [Test worker] DEBUG org.springframework.test.annotation.ProfileValueUtils - Retrieved @ProfileValueSourceConfiguration [null] for test class [com.gl.orderManagementApp.OrderManagementAppApplicationTests]
16:01:11.728 [Test worker] DEBUG org.springframework.test.annotation.ProfileValueUtils - Retrieved ProfileValueSource type [class org.springframework.test.annotation.SystemProfileValueSource] for class [com.gl.orderManagementApp.OrderManagementAppApplicationTests]
16:01:11.729 [Test worker] DEBUG org.springframework.test.annotation.ProfileValueUtils - Retrieved @ProfileValueSourceConfiguration [null] for test class [com.gl.orderManagementApp.OrderManagementAppApplicationTests]
16:01:11.729 [Test worker] DEBUG org.springframework.test.annotation.ProfileValueUtils - Retrieved ProfileValueSource type [class org.springframework.test.annotation.SystemProfileValueSource] for class [com.gl.orderManagementApp.OrderManagementAppApplicationTests]
16:01:11.733 [Test worker] DEBUG org.springframework.test.context.support.AbstractDirtiesContextTestExecutionListener - Before test class: context [DefaultTestContext@14d1f4f3 testClass = OrderManagementAppApplicationTests, testInstance = [null], testMethod = [null], testException = [null], mergedContextConfiguration = [WebMergedContextConfiguration@6bedfca7 testClass = OrderManagementAppApplicationTests, locations = '{}', classes = '{class com.gl.orderManagementApp.OrderManagementAppApplication}', contextInitializerClasses = '[]', activeProfiles = '{}', propertySourceLocations = '{}', propertySourceProperties = '{org.springframework.boot.test.context.SpringBootTestContextBootstrapper=true}', contextCustomizers = set[org.springframework.boot.test.autoconfigure.properties.PropertyMappingContextCustomizer@0, org.springframework.boot.test.autoconfigure.web.servlet.WebDriverContextCustomizerFactory$Customizer@6473261e, org.springframework.boot.test.context.filter.ExcludeFilterContextCustomizer@7c2771b0, org.springframework.boot.test.json.DuplicateJsonObjectContextCustomizerFactory$DuplicateJsonObjectContextCustomizer@2b4e03f, org.springframework.boot.test.mock.mockito.MockitoContextCustomizer@0, org.springframework.boot.test.web.client.TestRestTemplateContextCustomizer@39fabc41], resourceBasePath = 'src/main/webapp', contextLoader = 'org.springframework.boot.test.context.SpringBootContextLoader', parent = [null]], attributes = map['org.springframework.test.context.web.ServletTestExecutionListener.activateListener' -> true]], class annotated with @DirtiesContext [false] with mode [null].
16:01:11.733 [Test worker] DEBUG org.springframework.test.annotation.ProfileValueUtils - Retrieved @ProfileValueSourceConfiguration [null] for test class [com.gl.orderManagementApp.OrderManagementAppApplicationTests]
16:01:11.734 [Test worker] DEBUG org.springframework.test.annotation.ProfileValueUtils - Retrieved ProfileValueSource type [class org.springframework.test.annotation.SystemProfileValueSource] for class [com.gl.orderManagementApp.OrderManagementAppApplicationTests]
16:01:11.751 [Test worker] DEBUG org.springframework.test.context.support.TestPropertySourceUtils - Adding inlined properties to environment: {spring.jmx.enabled=false, org.springframework.boot.test.context.SpringBootTestContextBootstrapper=true, server.port=-1}

  .   ____          _            __ _ _
 /\\ / ___'_ __ _ _(_)_ __  __ _ \ \ \ \
( ( )\___ | '_ | '_| | '_ \/ _` | \ \ \ \
 \\/  ___)| |_)| | | | | || (_| |  ) ) ) )
  '  |____| .__|_| |_|_| |_\__, | / / / /
 =========|_|==============|___/=/_/_/_/
 :: Spring Boot ::        (v2.1.7.RELEASE)

2020-02-25 16:01:12.019  INFO 7028 --- [    Test worker] c.g.o.OrderManagementAppApplicationTests : Starting OrderManagementAppApplicationTests on DESKTOP-NNVG4RK with PID 7028 (started by Masih in D:\Code\resilience4j\orderManagementApp)
2020-02-25 16:01:12.020  INFO 7028 --- [    Test worker] c.g.o.OrderManagementAppApplicationTests : No active profile set, falling back to default profiles: default
2020-02-25 16:01:12.807  INFO 7028 --- [    Test worker] i.g.r.utils.RxJava2OnClasspathCondition  : RxJava2 related Aspect extensions are not activated, because RxJava2 is not on the classpath.
2020-02-25 16:01:12.808  INFO 7028 --- [    Test worker] i.g.r.utils.ReactorOnClasspathCondition  : Reactor related Aspect extensions are not activated because Reactor is not on the classpath.
2020-02-25 16:01:12.819  INFO 7028 --- [    Test worker] i.g.r.utils.RxJava2OnClasspathCondition  : RxJava2 related Aspect extensions are not activated, because RxJava2 is not on the classpath.
2020-02-25 16:01:12.820  INFO 7028 --- [    Test worker] i.g.r.utils.ReactorOnClasspathCondition  : Reactor related Aspect extensions are not activated because Reactor is not on the classpath.
2020-02-25 16:01:12.839  INFO 7028 --- [    Test worker] i.g.r.utils.RxJava2OnClasspathCondition  : RxJava2 related Aspect extensions are not activated, because RxJava2 is not on the classpath.
2020-02-25 16:01:12.839  INFO 7028 --- [    Test worker] i.g.r.utils.ReactorOnClasspathCondition  : Reactor related Aspect extensions are not activated because Reactor is not on the classpath.
2020-02-25 16:01:12.850  INFO 7028 --- [    Test worker] i.g.r.utils.RxJava2OnClasspathCondition  : RxJava2 related Aspect extensions are not activated, because RxJava2 is not on the classpath.
2020-02-25 16:01:12.850  INFO 7028 --- [    Test worker] i.g.r.utils.ReactorOnClasspathCondition  : Reactor related Aspect extensions are not activated because Reactor is not on the classpath.
2020-02-25 16:01:12.862  INFO 7028 --- [    Test worker] i.g.r.utils.RxJava2OnClasspathCondition  : RxJava2 related Aspect extensions are not activated, because RxJava2 is not on the classpath.
2020-02-25 16:01:12.862  INFO 7028 --- [    Test worker] i.g.r.utils.ReactorOnClasspathCondition  : Reactor related Aspect extensions are not activated because Reactor is not on the classpath.
2020-02-25 16:01:15.417  INFO 7028 --- [    Test worker] o.s.b.a.e.web.EndpointLinksResolver      : Exposing 24 endpoint(s) beneath base path '/actuator'
2020-02-25 16:01:15.639  INFO 7028 --- [    Test worker] pertySourcedRequestMappingHandlerMapping : Mapped URL path [/v2/api-docs] onto method [public org.springframework.http.ResponseEntity<springfox.documentation.spring.web.json.Json> springfox.documentation.swagger2.web.Swagger2Controller.getDocumentation(java.lang.String,javax.servlet.http.HttpServletRequest)]
2020-02-25 16:01:15.999  INFO 7028 --- [    Test worker] o.s.s.concurrent.ThreadPoolTaskExecutor  : Initializing ExecutorService 'applicationTaskExecutor'
2020-02-25 16:01:16.519  INFO 7028 --- [    Test worker] d.s.w.p.DocumentationPluginsBootstrapper : Context refreshed
2020-02-25 16:01:16.548  INFO 7028 --- [    Test worker] d.s.w.p.DocumentationPluginsBootstrapper : Found 1 custom documentation plugin(s)
2020-02-25 16:01:16.585  INFO 7028 --- [    Test worker] s.d.s.w.s.ApiListingReferenceScanner     : Scanning for api listing references
2020-02-25 16:01:16.726  INFO 7028 --- [    Test worker] c.g.o.OrderManagementAppApplicationTests : Started OrderManagementAppApplicationTests in 4.964 seconds (JVM running for 5.887)
]]></system-out>
  <system-err><![CDATA[]]></system-err>
</testsuite>
